0 info it worked if it ends with ok
1 verbose cli [ 'C:\\Program Files\\nodejs\\node.exe',
1 verbose cli   'C:\\Users\\Daniel\\AppData\\Roaming\\npm\\node_modules\\npm\\bin\\npm-cli.js',
1 verbose cli   'run',
1 verbose cli   'deploy-gh' ]
2 info using npm@3.10.8
3 info using node@v6.11.4
4 verbose run-script [ 'predeploy-gh', 'deploy-gh', 'postdeploy-gh' ]
5 info lifecycle hacker-news-clone@1.0.0~predeploy-gh: hacker-news-clone@1.0.0
6 silly lifecycle hacker-news-clone@1.0.0~predeploy-gh: no script for predeploy-gh, continuing
7 info lifecycle hacker-news-clone@1.0.0~deploy-gh: hacker-news-clone@1.0.0
8 verbose lifecycle hacker-news-clone@1.0.0~deploy-gh: unsafe-perm in lifecycle true
9 verbose lifecycle hacker-news-clone@1.0.0~deploy-gh: PATH: C:\Users\Daniel\AppData\Roaming\npm\node_modules\npm\bin\node-gyp-bin;C:\Cphbusiness\2-semester\Large systems\hackerNews-clone-project-frontend\node_modules\.bin;C:\Users\Daniel\AppData\Local\GitHub\PortableGit_f02737a78695063deace08e96d5042710d3e32db\cmd;C:\Users\Daniel\AppData\Local\GitHub\PortableGit_f02737a78695063deace08e96d5042710d3e32db\usr\bin;C:\Users\Daniel\AppData\Local\GitHub\PortableGit_f02737a78695063deace08e96d5042710d3e32db\usr\share\git-tfs;C:\Users\Daniel\AppData\Local\Apps\2.0\08AO8L1H.X18\CKWBTXOK.CY1\gith..tion_317444273a93ac29_0003.0003_5794af8169eeff14;C:\Users\Daniel\AppData\Local\GitHub\lfs-amd64_1.5.5;C:\Program Files\Docker\Docker\Resources\bin;C:\Program Files (x86)\Intel\iCLS Client\;C:\Program Files\Intel\iCLS Client\;C:\ProgramData\Oracle\Java\javapath;C:\WINDOWS\system32;C:\WINDOWS;C:\WINDOWS\System32\Wbem;C:\WINDOWS\System32\WindowsPowerShell\v1.0\;C:\Program Files\Maven\bin;C:\Program Files (x86)\Intel\Intel(R) Management Engine Components\DAL;C:\Program Files\Intel\Intel(R) Management Engine Components\DAL;C:\Program Files (x86)\Intel\Intel(R) Management Engine Components\IPT;C:\Program Files\Intel\Intel(R) Management Engine Components\IPT;C:\Program Files\Intel\WiFi\bin\;C:\Program Files\Common Files\Intel\WirelessCommon\;C:\ProgramData\chocolatey\bin;C:\Program Files\Git\cmd;C:\Program Files (x86)\Skype\Phone\;C:\Program Files (x86)\Airtame;C:\Program Files\nodejs\;C:\Go\bin;C:\HashiCorp\Vagrant\bin;C:\Ruby193\bin;C:\Users\Daniel\AppData\Local\Android\sdk\platform-tools;C:\Users\Daniel\AppData\Local\Microsoft\WindowsApps;C:\Program Files\Java\jdk1.8.0_121;C:\Program Files\Intel\WiFi\bin\;C:\Program Files\Common Files\Intel\WirelessCommon\;C:\Program Files\Microsoft VS Code\bin;C:\Users\Daniel\AppData\Roaming\npm;C:\Program Files\Java\jdk1.8.0_121\bin;C:\Users\Daniel\Downloads\pmd-bin-5.8.1\pmd-bin-5.8.1;;C:\Windows\Microsoft.NET\Framework\v4.0.30319\
10 verbose lifecycle hacker-news-clone@1.0.0~deploy-gh: CWD: C:\Cphbusiness\2-semester\Large systems\hackerNews-clone-project-frontend
11 silly lifecycle hacker-news-clone@1.0.0~deploy-gh: Args: [ '/d /s /c',
11 silly lifecycle   'npm run build-prod && node replaceurl.js && gulp ghPages' ]
12 silly lifecycle hacker-news-clone@1.0.0~deploy-gh: Returned: code: 1  signal: null
13 info lifecycle hacker-news-clone@1.0.0~deploy-gh: Failed to exec deploy-gh script
14 verbose stack Error: hacker-news-clone@1.0.0 deploy-gh: `npm run build-prod && node replaceurl.js && gulp ghPages`
14 verbose stack Exit status 1
14 verbose stack     at EventEmitter.<anonymous> (C:\Users\Daniel\AppData\Roaming\npm\node_modules\npm\lib\utils\lifecycle.js:255:16)
14 verbose stack     at emitTwo (events.js:106:13)
14 verbose stack     at EventEmitter.emit (events.js:191:7)
14 verbose stack     at ChildProcess.<anonymous> (C:\Users\Daniel\AppData\Roaming\npm\node_modules\npm\lib\utils\spawn.js:40:14)
14 verbose stack     at emitTwo (events.js:106:13)
14 verbose stack     at ChildProcess.emit (events.js:191:7)
14 verbose stack     at maybeClose (internal/child_process.js:920:16)
14 verbose stack     at Process.ChildProcess._handle.onexit (internal/child_process.js:230:5)
15 verbose pkgid hacker-news-clone@1.0.0
16 verbose cwd C:\Cphbusiness\2-semester\Large systems\hackerNews-clone-project-frontend
17 error Windows_NT 10.0.16299
18 error argv "C:\\Program Files\\nodejs\\node.exe" "C:\\Users\\Daniel\\AppData\\Roaming\\npm\\node_modules\\npm\\bin\\npm-cli.js" "run" "deploy-gh"
19 error node v6.11.4
20 error npm  v3.10.8
21 error code ELIFECYCLE
22 error hacker-news-clone@1.0.0 deploy-gh: `npm run build-prod && node replaceurl.js && gulp ghPages`
22 error Exit status 1
23 error Failed at the hacker-news-clone@1.0.0 deploy-gh script 'npm run build-prod && node replaceurl.js && gulp ghPages'.
23 error Make sure you have the latest version of node.js and npm installed.
23 error If you do, this is most likely a problem with the hacker-news-clone package,
23 error not with npm itself.
23 error Tell the author that this fails on your system:
23 error     npm run build-prod && node replaceurl.js && gulp ghPages
23 error You can get information on how to open an issue for this project with:
23 error     npm bugs hacker-news-clone
23 error Or if that isn't available, you can get their info via:
23 error     npm owner ls hacker-news-clone
23 error There is likely additional logging output above.
24 verbose exit [ 1, true ]
